<?xml version="1.0" encoding="UTF-8"?>
<!-- Generated by org.testng.reporters.JUnitReportReporter -->
<testsuite hostname="DESKTOP-Q1KPBM0" failures="0" tests="1" name="testngpro.testingtitles" time="6.551" errors="0" timestamp="2023-04-30T18:39:30 IST" skipped="0">
  <testcase classname="testngpro.testingtitles" name="test1" time="6.551"/>
  <system-out/>
</testsuite> <!-- testngpro.testingtitles -->
