<?xml version="1.0" encoding="UTF-8"?>
<!-- Generated by org.testng.reporters.JUnitReportReporter -->
<testsuite hostname="DESKTOP-Q1KPBM0" failures="0" tests="3" name="basicprograms.parameters" time="0.006" errors="0" timestamp="2023-05-05T14:53:35 IST" skipped="0">
  <testcase classname="basicprograms.parameters" name="test3" time="0.005"/>
  <system-out/>
  <testcase classname="basicprograms.parameters" name="test2" time="0.001"/>
  <system-out/>
  <testcase classname="basicprograms.parameters" name="test1" time="0.000"/>
  <system-out/>
</testsuite> <!-- basicprograms.parameters -->
